0 info it worked if it ends with ok
1 verbose cli [ '/usr/local/Cellar/node/0.10.25/bin/node',
1 verbose cli   '/usr/local/bin/npm',
1 verbose cli   'install',
1 verbose cli   'angular-media-player',
1 verbose cli   '--save' ]
2 info using npm@1.3.24
3 info using node@v0.10.25
4 verbose readDependencies using package.json deps
5 verbose cache add [ 'angular-media-player', null ]
6 verbose cache add name=undefined spec="angular-media-player" args=["angular-media-player",null]
7 verbose parsed url { protocol: null,
7 verbose parsed url   slashes: null,
7 verbose parsed url   auth: null,
7 verbose parsed url   host: null,
7 verbose parsed url   port: null,
7 verbose parsed url   hostname: null,
7 verbose parsed url   hash: null,
7 verbose parsed url   search: null,
7 verbose parsed url   query: null,
7 verbose parsed url   pathname: 'angular-media-player',
7 verbose parsed url   path: 'angular-media-player',
7 verbose parsed url   href: 'angular-media-player' }
8 silly lockFile a844c8af-angular-media-player angular-media-player
9 verbose lock angular-media-player /Users/rsns/.npm/a844c8af-angular-media-player.lock
10 silly lockFile a844c8af-angular-media-player angular-media-player
11 silly lockFile a844c8af-angular-media-player angular-media-player
12 verbose addNamed [ 'angular-media-player', '' ]
13 verbose addNamed [ null, '*' ]
14 silly lockFile ae4248d5-angular-media-player angular-media-player@
15 verbose lock angular-media-player@ /Users/rsns/.npm/ae4248d5-angular-media-player.lock
16 silly addNameRange { name: 'angular-media-player', range: '*', hasData: false }
17 verbose url raw angular-media-player
18 verbose url resolving [ 'https://registry.npmjs.org/', './angular-media-player' ]
19 verbose url resolved https://registry.npmjs.org/angular-media-player
20 info trying registry request attempt 1 at 21:11:53
21 http GET https://registry.npmjs.org/angular-media-player
22 http 404 https://registry.npmjs.org/angular-media-player
23 silly registry.get cb [ 404,
23 silly registry.get   { date: 'Thu, 14 Aug 2014 20:11:53 GMT',
23 silly registry.get     server: 'CouchDB/1.5.0 (Erlang OTP/R16B03)',
23 silly registry.get     'content-type': 'application/json',
23 silly registry.get     'cache-control': 'max-age=0',
23 silly registry.get     'content-length': '52',
23 silly registry.get     'accept-ranges': 'bytes',
23 silly registry.get     via: '1.1 varnish',
23 silly registry.get     age: '0',
23 silly registry.get     'x-served-by': 'cache-lo81-LHR',
23 silly registry.get     'x-cache': 'MISS',
23 silly registry.get     'x-cache-hits': '0',
23 silly registry.get     'x-timer': 'S1408047113.812557,VS0,VE86',
23 silly registry.get     'keep-alive': 'timeout=10, max=50',
23 silly registry.get     connection: 'Keep-Alive' } ]
24 silly lockFile ae4248d5-angular-media-player angular-media-player@
25 silly lockFile ae4248d5-angular-media-player angular-media-player@
26 error 404 'angular-media-player' is not in the npm registry.
26 error 404 You should bug the author to publish it
26 error 404 It was specified as a dependency of 'tj-with-node'
26 error 404
26 error 404 Note that you can also install from a
26 error 404 tarball, folder, or http url, or git url.
27 error System Darwin 13.1.0
28 error command "/usr/local/Cellar/node/0.10.25/bin/node" "/usr/local/bin/npm" "install" "angular-media-player" "--save"
29 error cwd /Users/rsns/work/code/frontend/tracy/tj-with-node
30 error node -v v0.10.25
31 error npm -v 1.3.24
32 error code E404
33 verbose exit [ 1, true ]
